<?xml version="1.0" encoding="UTF-8"?>
<!-- Generated by org.testng.reporters.JUnitReportReporter -->
<testsuite ignored="0" hostname="gurjit" failures="0" tests="1" name="com.automation.testcases.TestCases" time="6.732" errors="0" timestamp="07 May 2022 21:32:57 GMT" skipped="0">
  <testcase classname="com.automation.testcases.TestCases" name="loginapp" time="6.732"/>
</testsuite> <!-- com.automation.testcases.TestCases -->
